Arguments: 
  C:\Program Files\nodejs\node.exe C:\Users\38093\AppData\Roaming\npm\node_modules\yarn\bin\yarn.js add cors

PATH: 
  C:\Users\38093\bin;C:\Program Files\Git\mingw64\bin;C:\Program Files\Git\usr\local\bin;C:\Program Files\Git\usr\bin;C:\Program Files\Git\usr\bin;C:\Program Files\Git\mingw64\bin;C:\Program Files\Git\usr\bin;C:\Users\38093\bin;I:\Anaconda;I:\Anaconda\Library\mingw-w64\bin;I:\Anaconda\Library\usr\bin;I:\Anaconda\Library\bin;I:\Anaconda\Scripts;C:\WINDOWS\system32;C:\WINDOWS;C:\WINDOWS\System32\Wbem;C:\WINDOWS\System32\WindowsPowerShell\v1.0;C:\WINDOWS\System32\OpenSSH;C:\Program Files\Microsoft SQL Server\130\Tools\Binn;C:\Program Files (x86)\NVIDIA Corporation\PhysX\Common;C:\Program Files\NVIDIA Corporation\NVIDIA NvDLISR;C:\Program Files\Git\cmd;C:\Program Files\nodejs;C:\Program Files\dotnet;I:\python\Scripts;I:\python;C:\Users\38093\AppData\Local\Microsoft\WindowsApps;C:\Users\38093\.dotnet\tools;C:\Program Files\JetBrains\PyCharm Community Edition 2021.2.1\bin;C:\Program Files\JetBrains\IntelliJ IDEA 2021.3.2\bin;C:\Users\38093\AppData\Roaming\npm;C:\Users\38093\AppData\Local\Programs\Microsoft VS Code\bin;C:\Program Files\Git\usr\bin\vendor_perl;C:\Program Files\Git\usr\bin\core_perl

Yarn version: 
  1.22.19

Node version: 
  16.15.0

Platform: 
  win32 x64

Trace: 
  Error: EPERM: operation not permitted, unlink 'D:\blog-mern\node_modules\bcrypt\lib\binding\napi-v3\bcrypt_lib.node'

npm manifest: 
  {
    "name": "blog-mern",
    "version": "1.0.0",
    "description": "",
    "main": "index.js",
    "type": "module",
    "scripts": {
      "start": "node index.js",
      "start:dev": "nodemon index.js"
    },
    "author": "",
    "license": "ISC",
    "dependencies": {
      "bcrypt": "^5.1.0",
      "express": "^4.18.2",
      "express-validator": "^6.14.2",
      "jsonwebtoken": "^8.5.1",
      "mongoose": "^6.7.3",
      "multer": "^1.4.5-lts.1",
      "nodemon": "^2.0.20"
    }
  }

yarn manifest: 
  No manifest

Lockfile: 
  No lockfile
